<?xml version="1.0" encoding="UTF-8"?>
<testsuite xmlns:xsi="http://www.w3.org/2001/XMLSchema-instance" xsi:noNamespaceSchemaLocation="https://maven.apache.org/surefire/maven-surefire-plugin/xsd/surefire-test-report.xsd" name="GetOrderByClientTest" time="4.106" tests="2" errors="0" skipped="0" failures="0">
  <properties>
[...]
</properties>
  <testcase name="testGetOrderByAUthClientAndCheckingStatus" classname="GetOrderByClientTest" time="2.055"/>
  <testcase name="testGetOrderByClientAndCheckingStatus" classname="GetOrderByClientTest" time="2.044"/>
</testsuite>